\BOOKMARK [1][-]{section.1}{Introduction}{}% 1
\BOOKMARK [1][-]{section.2}{Results}{}% 2
\BOOKMARK [2][-]{subsection.2.1}{Ablation reveals complementary regularizers}{section.2}% 3
\BOOKMARK [2][-]{subsection.2.2}{Scaling across model sizes}{section.2}% 4
\BOOKMARK [2][-]{subsection.2.3}{Calibration analysis}{section.2}% 5
\BOOKMARK [2][-]{subsection.2.4}{Biological validity}{section.2}% 6
\BOOKMARK [2][-]{subsection.2.5}{Compression\205quality tradeoff}{section.2}% 7
\BOOKMARK [2][-]{subsection.2.6}{Practical deployment}{section.2}% 8
\BOOKMARK [2][-]{subsection.2.7}{Structural quality}{section.2}% 9
\BOOKMARK [2][-]{subsection.2.8}{Domain-specific fine-tuning}{section.2}% 10
\BOOKMARK [1][-]{section.3}{Discussion}{}% 11
\BOOKMARK [1][-]{section.4}{Methods}{}% 12
\BOOKMARK [2][-]{subsection.4.1}{Standard distillation framework}{section.4}% 13
\BOOKMARK [2][-]{subsection.4.2}{Uncertainty-aware position weighting}{section.4}% 14
\BOOKMARK [2][-]{subsection.4.3}{Calibration-aware distillation}{section.4}% 15
\BOOKMARK [2][-]{subsection.4.4}{Model architectures}{section.4}% 16
\BOOKMARK [2][-]{subsection.4.5}{Training details}{section.4}% 17
\BOOKMARK [2][-]{subsection.4.6}{Fine-tuning evaluation}{section.4}% 18
\BOOKMARK [2][-]{subsection.4.7}{Data and code availability}{section.4}% 19
\BOOKMARK [1][-]{section*.24}{Appendix}{}% 20
\BOOKMARK [2][-]{subsection.Alph0.1}{Fine-tuning experimental details}{section*.24}% 21
